This file contains any messages produced by compilers while
running configure, to aid debugging if configure makes a mistake.

It was created by zookeeper C client configure 3.4.9, which was
generated by GNU Autoconf 2.69.  Invocation command line was

  $ ./configure CFLAGS=-g --exec-prefix=/home/nitesh/Downloads/zookeeper-3.4.9/src/c/

## --------- ##
## Platform. ##
## --------- ##

hostname = nitesh-ThinkPad-L440
uname -m = x86_64
uname -r = 4.15.0-38-generic
uname -s = Linux
uname -v = #41-Ubuntu SMP Wed Oct 10 10:59:38 UTC 2018

/usr/bin/uname -p = unknown
/bin/uname -X     = unknown

/bin/arch              = unknown
/usr/bin/arch -k       = unknown
/usr/convex/getsysinfo = unknown
/usr/bin/hostinfo      = unknown
/bin/machine           = unknown
/usr/bin/oslevel       = unknown
/bin/universe          = unknown

PATH: /usr/local/sbin
PATH: /usr/local/bin
PATH: /usr/sbin
PATH: /usr/bin
PATH: /sbin
PATH: /bin
PATH: /snap/bin


## ----------- ##
## Core tests. ##
## ----------- ##

configure:2610: checking for doxygen
configure:2643: result: no
configure:2716: checking for perl
configure:2734: found /usr/bin/perl
configure:2746: result: /usr/bin/perl
configure:2888: checking for dot
configure:2921: result: no
configure:4475: checking for a BSD-compatible install
configure:4543: result: /usr/bin/install -c
configure:4554: checking whether build environment is sane
configure:4609: result: yes
configure:4760: checking for a thread-safe mkdir -p
configure:4799: result: /bin/mkdir -p
configure:4806: checking for gawk
configure:4836: result: no
configure:4806: checking for mawk
configure:4822: found /usr/bin/mawk
configure:4833: result: mawk
configure:4844: checking whether make sets $(MAKE)
configure:4866: result: yes
configure:4895: checking whether make supports nested variables
configure:4912: result: yes
configure:5061: checking for generated/zookeeper.jute.c
configure:5074: result: yes
configure:5086: checking for generated/zookeeper.jute.h
configure:5099: result: yes
configure:5163: checking for gcc
configure:5179: found /usr/bin/gcc
configure:5190: result: gcc
configure:5419: checking for C compiler version
configure:5428: gcc --version >&5
gcc (Ubuntu 7.3.0-27ubuntu1~18.04) 7.3.0
Copyright (C) 2017 Free Software Foundation, Inc.
This is free software; see the source for copying conditions.  There is NO
warranty; not even for MERCHANTABILITY or FITNESS FOR A PARTICULAR PURPOSE.

configure:5439: $? = 0
configure:5428: gcc -v >&5
Using built-in specs.
COLLECT_GCC=gcc
COLLECT_LTO_WRAPPER=/usr/lib/gcc/x86_64-linux-gnu/7/lto-wrapper
OFFLOAD_TARGET_NAMES=nvptx-none
OFFLOAD_TARGET_DEFAULT=1
Target: x86_64-linux-gnu
Configured with: ../src/configure -v --with-pkgversion='Ubuntu 7.3.0-27ubuntu1~18.04' --with-bugurl=file:///usr/share/doc/gcc-7/README.Bugs --enable-languages=c,ada,c++,go,brig,d,fortran,objc,obj-c++ --prefix=/usr --with-gcc-major-version-only --program-suffix=-7 --program-prefix=x86_64-linux-gnu- --enable-shared --enable-linker-build-id --libexecdir=/usr/lib --without-included-gettext --enable-threads=posix --libdir=/usr/lib --enable-nls --with-sysroot=/ --enable-clocale=gnu --enable-libstdcxx-debug --enable-libstdcxx-time=yes --with-default-libstdcxx-abi=new --enable-gnu-unique-object --disable-vtable-verify --enable-libmpx --enable-plugin --enable-default-pie --with-system-zlib --with-target-system-zlib --enable-objc-gc=auto --enable-multiarch --disable-werror --with-arch-32=i686 --with-abi=m64 --with-multilib-list=m32,m64,mx32 --enable-multilib --with-tune=generic --enable-offload-targets=nvptx-none --without-cuda-driver --enable-checking=release --build=x86_64-linux-gnu --host=x86_64-linux-gnu --target=x86_64-linux-gnu
Thread model: posix
gcc version 7.3.0 (Ubuntu 7.3.0-27ubuntu1~18.04) 
configure:5439: $? = 0
configure:5428: gcc -V >&5
gcc: error: unrecognized command line option '-V'
gcc: fatal error: no input files
compilation terminated.
configure:5439: $? = 1
configure:5428: gcc -qversion >&5
gcc: error: unrecognized command line option '-qversion'; did you mean '--version'?
gcc: fatal error: no input files
compilation terminated.
configure:5439: $? = 1
configure:5459: checking whether the C compiler works
configure:5481: gcc -g   conftest.c  >&5
configure:5485: $? = 0
configure:5533: result: yes
configure:5536: checking for C compiler default output file name
configure:5538: result: a.out
configure:5544: checking for suffix of executables
configure:5551: gcc -o conftest -g   conftest.c  >&5
configure:5555: $? = 0
configure:5577: result: 
configure:5599: checking whether we are cross compiling
configure:5607: gcc -o conftest -g   conftest.c  >&5
configure:5611: $? = 0
configure:5618: ./conftest
configure:5622: $? = 0
configure:5637: result: no
configure:5642: checking for suffix of object files
configure:5664: gcc -c -g  conftest.c >&5
configure:5668: $? = 0
configure:5689: result: o
configure:5693: checking whether we are using the GNU C compiler
configure:5712: gcc -c -g  conftest.c >&5
configure:5712: $? = 0
configure:5721: result: yes
configure:5730: checking whether gcc accepts -g
configure:5750: gcc -c -g  conftest.c >&5
configure:5750: $? = 0
configure:5791: result: yes
configure:5808: checking for gcc option to accept ISO C89
configure:5871: gcc  -c -g  conftest.c >&5
configure:5871: $? = 0
configure:5884: result: none needed
configure:5909: checking whether gcc understands -c and -o together
configure:5931: gcc -c conftest.c -o conftest2.o
configure:5934: $? = 0
configure:5931: gcc -c conftest.c -o conftest2.o
configure:5934: $? = 0
configure:5946: result: yes
configure:5974: checking for style of include used by make
configure:6002: result: GNU
configure:6028: checking dependency style of gcc
configure:6139: result: gcc3
configure:6213: checking for g++
configure:6229: found /usr/bin/g++
configure:6240: result: g++
configure:6267: checking for C++ compiler version
configure:6276: g++ --version >&5
g++ (Ubuntu 7.3.0-27ubuntu1~18.04) 7.3.0
Copyright (C) 2017 Free Software Foundation, Inc.
This is free software; see the source for copying conditions.  There is NO
warranty; not even for MERCHANTABILITY or FITNESS FOR A PARTICULAR PURPOSE.

configure:6287: $? = 0
configure:6276: g++ -v >&5
Using built-in specs.
COLLECT_GCC=g++
COLLECT_LTO_WRAPPER=/usr/lib/gcc/x86_64-linux-gnu/7/lto-wrapper
OFFLOAD_TARGET_NAMES=nvptx-none
OFFLOAD_TARGET_DEFAULT=1
Target: x86_64-linux-gnu
Configured with: ../src/configure -v --with-pkgversion='Ubuntu 7.3.0-27ubuntu1~18.04' --with-bugurl=file:///usr/share/doc/gcc-7/README.Bugs --enable-languages=c,ada,c++,go,brig,d,fortran,objc,obj-c++ --prefix=/usr --with-gcc-major-version-only --program-suffix=-7 --program-prefix=x86_64-linux-gnu- --enable-shared --enable-linker-build-id --libexecdir=/usr/lib --without-included-gettext --enable-threads=posix --libdir=/usr/lib --enable-nls --with-sysroot=/ --enable-clocale=gnu --enable-libstdcxx-debug --enable-libstdcxx-time=yes --with-default-libstdcxx-abi=new --enable-gnu-unique-object --disable-vtable-verify --enable-libmpx --enable-plugin --enable-default-pie --with-system-zlib --with-target-system-zlib --enable-objc-gc=auto --enable-multiarch --disable-werror --with-arch-32=i686 --with-abi=m64 --with-multilib-list=m32,m64,mx32 --enable-multilib --with-tune=generic --enable-offload-targets=nvptx-none --without-cuda-driver --enable-checking=release --build=x86_64-linux-gnu --host=x86_64-linux-gnu --target=x86_64-linux-gnu
Thread model: posix
gcc version 7.3.0 (Ubuntu 7.3.0-27ubuntu1~18.04) 
configure:6287: $? = 0
configure:6276: g++ -V >&5
g++: error: unrecognized command line option '-V'
g++: fatal error: no input files
compilation terminated.
configure:6287: $? = 1
configure:6276: g++ -qversion >&5
g++: error: unrecognized command line option '-qversion'; did you mean '--version'?
g++: fatal error: no input files
compilation terminated.
configure:6287: $? = 1
configure:6291: checking whether we are using the GNU C++ compiler
configure:6310: g++ -c   conftest.cpp >&5
configure:6310: $? = 0
configure:6319: result: yes
configure:6328: checking whether g++ accepts -g
configure:6348: g++ -c -g  conftest.cpp >&5
configure:6348: $? = 0
configure:6389: result: yes
configure:6414: checking dependency style of g++
configure:6525: result: gcc3
configure:6541: checking whether ln -s works
configure:6545: result: yes
configure:6583: checking build system type
configure:6597: result: x86_64-pc-linux-gnu
configure:6617: checking host system type
configure:6630: result: x86_64-pc-linux-gnu
configure:6671: checking how to print strings
configure:6698: result: printf
configure:6719: checking for a sed that does not truncate output
configure:6783: result: /bin/sed
configure:6801: checking for grep that handles long lines and -e
configure:6859: result: /bin/grep
configure:6864: checking for egrep
configure:6926: result: /bin/grep -E
configure:6931: checking for fgrep
configure:6993: result: /bin/grep -F
configure:7028: checking for ld used by gcc
configure:7095: result: /usr/bin/ld
configure:7102: checking if the linker (/usr/bin/ld) is GNU ld
configure:7117: result: yes
configure:7129: checking for BSD- or MS-compatible name lister (nm)
configure:7183: result: /usr/bin/nm -B
configure:7313: checking the name lister (/usr/bin/nm -B) interface
configure:7320: gcc -c -g  conftest.c >&5
configure:7323: /usr/bin/nm -B "conftest.o"
configure:7326: output
0000000000000000 B some_variable
configure:7333: result: BSD nm
configure:7337: checking the maximum length of command line arguments
configure:7468: result: 1572864
configure:7516: checking how to convert x86_64-pc-linux-gnu file names to x86_64-pc-linux-gnu format
configure:7556: result: func_convert_file_noop
configure:7563: checking how to convert x86_64-pc-linux-gnu file names to toolchain format
configure:7583: result: func_convert_file_noop
configure:7590: checking for /usr/bin/ld option to reload object files
configure:7597: result: -r
configure:7671: checking for objdump
configure:7687: found /usr/bin/objdump
configure:7698: result: objdump
configure:7730: checking how to recognize dependent libraries
configure:7930: result: pass_all
configure:8015: checking for dlltool
configure:8045: result: no
configure:8075: checking how to associate runtime and link libraries
configure:8102: result: printf %s\n
configure:8163: checking for ar
configure:8179: found /usr/bin/ar
configure:8190: result: ar
configure:8227: checking for archiver @FILE support
configure:8244: gcc -c -g  conftest.c >&5
configure:8244: $? = 0
configure:8247: ar cru libconftest.a @conftest.lst >&5
ar: `u' modifier ignored since `D' is the default (see `U')
configure:8250: $? = 0
configure:8255: ar cru libconftest.a @conftest.lst >&5
ar: `u' modifier ignored since `D' is the default (see `U')
ar: conftest.o: No such file or directory
configure:8258: $? = 1
configure:8270: result: @
configure:8328: checking for strip
configure:8344: found /usr/bin/strip
configure:8355: result: strip
configure:8427: checking for ranlib
configure:8443: found /usr/bin/ranlib
configure:8454: result: ranlib
configure:8556: checking command to parse /usr/bin/nm -B output from gcc object
configure:8709: gcc -c -g  conftest.c >&5
configure:8712: $? = 0
configure:8716: /usr/bin/nm -B conftest.o \| sed -n -e 's/^.*[ ]\([ABCDGIRSTW][ABCDGIRSTW]*\)[ ][ ]*\([_A-Za-z][_A-Za-z0-9]*\)$/\1 \2 \2/p' | sed '/ __gnu_lto/d' \> conftest.nm
configure:8719: $? = 0
configure:8785: gcc -o conftest -g   conftest.c conftstm.o >&5
configure:8788: $? = 0
configure:8826: result: ok
configure:8873: checking for sysroot
configure:8903: result: no
configure:8910: checking for a working dd
configure:8948: result: /bin/dd
configure:8952: checking how to truncate binary pipes
configure:8967: result: /bin/dd bs=4096 count=1
configure:9103: gcc -c -g  conftest.c >&5
configure:9106: $? = 0
configure:9296: checking for mt
configure:9312: found /bin/mt
configure:9323: result: mt
configure:9346: checking if mt is a manifest tool
configure:9352: mt '-?'
configure:9360: result: no
configure:10037: checking how to run the C preprocessor
configure:10068: gcc -E  conftest.c
configure:10068: $? = 0
configure:10082: gcc -E  conftest.c
conftest.c:13:10: fatal error: ac_nonexistent.h: No such file or directory
 #include <ac_nonexistent.h>
          ^~~~~~~~~~~~~~~~~~
compilation terminated.
configure:10082: $? = 1
configure: failed program was:
| /* confdefs.h */
| #define PACKAGE_NAME "zookeeper C client"
| #define PACKAGE_TARNAME "zookeeper"
| #define PACKAGE_VERSION "3.4.9"
| #define PACKAGE_STRING "zookeeper C client 3.4.9"
| #define PACKAGE_BUGREPORT "user@zookeeper.apache.org"
| #define PACKAGE_URL ""
| #define PACKAGE "zookeeper"
| #define VERSION "3.4.9"
| #define HAVE_GENERATED_ZOOKEEPER_JUTE_C 1
| #define HAVE_GENERATED_ZOOKEEPER_JUTE_H 1
| /* end confdefs.h.  */
| #include <ac_nonexistent.h>
configure:10107: result: gcc -E
configure:10127: gcc -E  conftest.c
configure:10127: $? = 0
configure:10141: gcc -E  conftest.c
conftest.c:13:10: fatal error: ac_nonexistent.h: No such file or directory
 #include <ac_nonexistent.h>
          ^~~~~~~~~~~~~~~~~~
compilation terminated.
configure:10141: $? = 1
configure: failed program was:
| /* confdefs.h */
| #define PACKAGE_NAME "zookeeper C client"
| #define PACKAGE_TARNAME "zookeeper"
| #define PACKAGE_VERSION "3.4.9"
| #define PACKAGE_STRING "zookeeper C client 3.4.9"
| #define PACKAGE_BUGREPORT "user@zookeeper.apache.org"
| #define PACKAGE_URL ""
| #define PACKAGE "zookeeper"
| #define VERSION "3.4.9"
| #define HAVE_GENERATED_ZOOKEEPER_JUTE_C 1
| #define HAVE_GENERATED_ZOOKEEPER_JUTE_H 1
| /* end confdefs.h.  */
| #include <ac_nonexistent.h>
configure:10170: checking for ANSI C header files
configure:10190: gcc -c -g  conftest.c >&5
configure:10190: $? = 0
configure:10263: gcc -o conftest -g   conftest.c  >&5
configure:10263: $? = 0
configure:10263: ./conftest
configure:10263: $? = 0
configure:10274: result: yes
configure:10287: checking for sys/types.h
configure:10287: gcc -c -g  conftest.c >&5
configure:10287: $? = 0
configure:10287: result: yes
configure:10287: checking for sys/stat.h
configure:10287: gcc -c -g  conftest.c >&5
configure:10287: $? = 0
configure:10287: result: yes
configure:10287: checking for stdlib.h
configure:10287: gcc -c -g  conftest.c >&5
configure:10287: $? = 0
configure:10287: result: yes
configure:10287: checking for string.h
configure:10287: gcc -c -g  conftest.c >&5
configure:10287: $? = 0
configure:10287: result: yes
configure:10287: checking for memory.h
configure:10287: gcc -c -g  conftest.c >&5
configure:10287: $? = 0
configure:10287: result: yes
configure:10287: checking for strings.h
configure:10287: gcc -c -g  conftest.c >&5
configure:10287: $? = 0
configure:10287: result: yes
configure:10287: checking for inttypes.h
configure:10287: gcc -c -g  conftest.c >&5
configure:10287: $? = 0
configure:10287: result: yes
configure:10287: checking for stdint.h
configure:10287: gcc -c -g  conftest.c >&5
configure:10287: $? = 0
configure:10287: result: yes
configure:10287: checking for unistd.h
configure:10287: gcc -c -g  conftest.c >&5
configure:10287: $? = 0
configure:10287: result: yes
configure:10301: checking for dlfcn.h
configure:10301: gcc -c -g  conftest.c >&5
configure:10301: $? = 0
configure:10301: result: yes
configure:10568: checking for objdir
configure:10583: result: .libs
configure:10843: checking if gcc supports -fno-rtti -fno-exceptions
configure:10861: gcc -c -g  -fno-rtti -fno-exceptions conftest.c >&5
cc1: warning: command line option '-fno-rtti' is valid for C++/ObjC++ but not for C
configure:10865: $? = 0
configure:10878: result: no
configure:11236: checking for gcc option to produce PIC
configure:11243: result: -fPIC -DPIC
configure:11251: checking if gcc PIC flag -fPIC -DPIC works
configure:11269: gcc -c -g  -fPIC -DPIC -DPIC conftest.c >&5
configure:11273: $? = 0
configure:11286: result: yes
configure:11315: checking if gcc static flag -static works
configure:11343: result: yes
configure:11358: checking if gcc supports -c -o file.o
configure:11379: gcc -c -g  -o out/conftest2.o conftest.c >&5
configure:11383: $? = 0
configure:11405: result: yes
configure:11413: checking if gcc supports -c -o file.o
configure:11460: result: yes
configure:11493: checking whether the gcc linker (/usr/bin/ld -m elf_x86_64) supports shared libraries
configure:12756: result: yes
configure:12793: checking whether -lc should be explicitly linked in
configure:12801: gcc -c -g  conftest.c >&5
configure:12804: $? = 0
configure:12819: gcc -shared  -fPIC -DPIC conftest.o  -v -Wl,-soname -Wl,conftest -o conftest 2\>\&1 \| /bin/grep  -lc  \>/dev/null 2\>\&1
configure:12822: $? = 0
configure:12836: result: no
configure:12996: checking dynamic linker characteristics
configure:13577: gcc -o conftest -g   -Wl,-rpath -Wl,/foo conftest.c  >&5
configure:13577: $? = 0
configure:13826: result: GNU/Linux ld.so
configure:13948: checking how to hardcode library paths into programs
configure:13973: result: immediate
configure:14521: checking whether stripping libraries is possible
configure:14526: result: yes
configure:14561: checking if libtool supports shared libraries
configure:14563: result: yes
configure:14566: checking whether to build shared libraries
configure:14591: result: yes
configure:14594: checking whether to build static libraries
configure:14598: result: yes
configure:14621: checking how to run the C++ preprocessor
configure:14648: g++ -E  conftest.cpp
configure:14648: $? = 0
configure:14662: g++ -E  conftest.cpp
conftest.cpp:25:10: fatal error: ac_nonexistent.h: No such file or directory
 #include <ac_nonexistent.h>
          ^~~~~~~~~~~~~~~~~~
compilation terminated.
configure:14662: $? = 1
configure: failed program was:
| /* confdefs.h */
| #define PACKAGE_NAME "zookeeper C client"
| #define PACKAGE_TARNAME "zookeeper"
| #define PACKAGE_VERSION "3.4.9"
| #define PACKAGE_STRING "zookeeper C client 3.4.9"
| #define PACKAGE_BUGREPORT "user@zookeeper.apache.org"
| #define PACKAGE_URL ""
| #define PACKAGE "zookeeper"
| #define VERSION "3.4.9"
| #define HAVE_GENERATED_ZOOKEEPER_JUTE_C 1
| #define HAVE_GENERATED_ZOOKEEPER_JUTE_H 1
| #define STDC_HEADERS 1
| #define HAVE_SYS_TYPES_H 1
| #define HAVE_SYS_STAT_H 1
| #define HAVE_STDLIB_H 1
| #define HAVE_STRING_H 1
| #define HAVE_MEMORY_H 1
| #define HAVE_STRINGS_H 1
| #define HAVE_INTTYPES_H 1
| #define HAVE_STDINT_H 1
| #define HAVE_UNISTD_H 1
| #define HAVE_DLFCN_H 1
| #define LT_OBJDIR ".libs/"
| /* end confdefs.h.  */
| #include <ac_nonexistent.h>
configure:14687: result: g++ -E
configure:14707: g++ -E  conftest.cpp
configure:14707: $? = 0
configure:14721: g++ -E  conftest.cpp
conftest.cpp:25:10: fatal error: ac_nonexistent.h: No such file or directory
 #include <ac_nonexistent.h>
          ^~~~~~~~~~~~~~~~~~
compilation terminated.
configure:14721: $? = 1
configure: failed program was:
| /* confdefs.h */
| #define PACKAGE_NAME "zookeeper C client"
| #define PACKAGE_TARNAME "zookeeper"
| #define PACKAGE_VERSION "3.4.9"
| #define PACKAGE_STRING "zookeeper C client 3.4.9"
| #define PACKAGE_BUGREPORT "user@zookeeper.apache.org"
| #define PACKAGE_URL ""
| #define PACKAGE "zookeeper"
| #define VERSION "3.4.9"
| #define HAVE_GENERATED_ZOOKEEPER_JUTE_C 1
| #define HAVE_GENERATED_ZOOKEEPER_JUTE_H 1
| #define STDC_HEADERS 1
| #define HAVE_SYS_TYPES_H 1
| #define HAVE_SYS_STAT_H 1
| #define HAVE_STDLIB_H 1
| #define HAVE_STRING_H 1
| #define HAVE_MEMORY_H 1
| #define HAVE_STRINGS_H 1
| #define HAVE_INTTYPES_H 1
| #define HAVE_STDINT_H 1
| #define HAVE_UNISTD_H 1
| #define HAVE_DLFCN_H 1
| #define LT_OBJDIR ".libs/"
| /* end confdefs.h.  */
| #include <ac_nonexistent.h>
configure:14883: checking for ld used by g++
configure:14950: result: /usr/bin/ld -m elf_x86_64
configure:14957: checking if the linker (/usr/bin/ld -m elf_x86_64) is GNU ld
configure:14972: result: yes
configure:15027: checking whether the g++ linker (/usr/bin/ld -m elf_x86_64) supports shared libraries
configure:16100: result: yes
configure:16136: g++ -c -g -O2  conftest.cpp >&5
configure:16139: $? = 0
configure:16620: checking for g++ option to produce PIC
configure:16627: result: -fPIC -DPIC
configure:16635: checking if g++ PIC flag -fPIC -DPIC works
configure:16653: g++ -c -g -O2  -fPIC -DPIC -DPIC conftest.cpp >&5
configure:16657: $? = 0
configure:16670: result: yes
configure:16693: checking if g++ static flag -static works
configure:16721: result: yes
configure:16733: checking if g++ supports -c -o file.o
configure:16754: g++ -c -g -O2  -o out/conftest2.o conftest.cpp >&5
configure:16758: $? = 0
configure:16780: result: yes
configure:16785: checking if g++ supports -c -o file.o
configure:16832: result: yes
configure:16862: checking whether the g++ linker (/usr/bin/ld -m elf_x86_64) supports shared libraries
configure:16905: result: yes
configure:17046: checking dynamic linker characteristics
configure:17803: result: GNU/Linux ld.so
configure:17868: checking how to hardcode library paths into programs
configure:17893: result: immediate
configure:17999: checking for pthread_mutex_lock in -lpthread
configure:18024: gcc -o conftest -g   conftest.c -lpthread   >&5
configure:18024: $? = 0
configure:18033: result: yes
configure:18048: building with SyncAPI support
configure:18065: checking for ANSI C header files
configure:18169: result: yes
configure:18180: checking arpa/inet.h usability
configure:18180: gcc -c -g  conftest.c >&5
configure:18180: $? = 0
configure:18180: result: yes
configure:18180: checking arpa/inet.h presence
configure:18180: gcc -E  conftest.c
configure:18180: $? = 0
configure:18180: result: yes
configure:18180: checking for arpa/inet.h
configure:18180: result: yes
configure:18180: checking fcntl.h usability
configure:18180: gcc -c -g  conftest.c >&5
configure:18180: $? = 0
configure:18180: result: yes
configure:18180: checking fcntl.h presence
configure:18180: gcc -E  conftest.c
configure:18180: $? = 0
configure:18180: result: yes
configure:18180: checking for fcntl.h
configure:18180: result: yes
configure:18180: checking netdb.h usability
configure:18180: gcc -c -g  conftest.c >&5
configure:18180: $? = 0
configure:18180: result: yes
configure:18180: checking netdb.h presence
configure:18180: gcc -E  conftest.c
configure:18180: $? = 0
configure:18180: result: yes
configure:18180: checking for netdb.h
configure:18180: result: yes
configure:18180: checking netinet/in.h usability
configure:18180: gcc -c -g  conftest.c >&5
configure:18180: $? = 0
configure:18180: result: yes
configure:18180: checking netinet/in.h presence
configure:18180: gcc -E  conftest.c
configure:18180: $? = 0
configure:18180: result: yes
configure:18180: checking for netinet/in.h
configure:18180: result: yes
configure:18180: checking for stdlib.h
configure:18180: result: yes
configure:18180: checking for string.h
configure:18180: result: yes
configure:18180: checking sys/socket.h usability
configure:18180: gcc -c -g  conftest.c >&5
configure:18180: $? = 0
configure:18180: result: yes
configure:18180: checking sys/socket.h presence
configure:18180: gcc -E  conftest.c
configure:18180: $? = 0
configure:18180: result: yes
configure:18180: checking for sys/socket.h
configure:18180: result: yes
configure:18180: checking sys/time.h usability
configure:18180: gcc -c -g  conftest.c >&5
configure:18180: $? = 0
configure:18180: result: yes
configure:18180: checking sys/time.h presence
configure:18180: gcc -E  conftest.c
configure:18180: $? = 0
configure:18180: result: yes
configure:18180: checking for sys/time.h
configure:18180: result: yes
configure:18180: checking for unistd.h
configure:18180: result: yes
configure:18180: checking sys/utsname.h usability
configure:18180: gcc -c -g  conftest.c >&5
configure:18180: $? = 0
configure:18180: result: yes
configure:18180: checking sys/utsname.h presence
configure:18180: gcc -E  conftest.c
configure:18180: $? = 0
configure:18180: result: yes
configure:18180: checking for sys/utsname.h
configure:18180: result: yes
configure:18192: checking for an ANSI C-conforming const
configure:18258: gcc -c -g  conftest.c >&5
configure:18258: $? = 0
configure:18265: result: yes
configure:18273: checking for inline
configure:18289: gcc -c -g  conftest.c >&5
configure:18289: $? = 0
configure:18297: result: inline
configure:18315: checking whether time.h and sys/time.h may both be included
configure:18335: gcc -c -g  conftest.c >&5
configure:18335: $? = 0
configure:18342: result: yes
configure:18350: checking for nfds_t
configure:18350: gcc -c -g  conftest.c >&5
configure:18350: $? = 0
configure:18350: gcc -c -g  conftest.c >&5
conftest.c: In function 'main':
conftest.c:42:21: error: expected expression before ')' token
 if (sizeof ((nfds_t)))
                     ^
configure:18350: $? = 1
configure: failed program was:
| /* confdefs.h */
| #define PACKAGE_NAME "zookeeper C client"
| #define PACKAGE_TARNAME "zookeeper"
| #define PACKAGE_VERSION "3.4.9"
| #define PACKAGE_STRING "zookeeper C client 3.4.9"
| #define PACKAGE_BUGREPORT "user@zookeeper.apache.org"
| #define PACKAGE_URL ""
| #define PACKAGE "zookeeper"
| #define VERSION "3.4.9"
| #define HAVE_GENERATED_ZOOKEEPER_JUTE_C 1
| #define HAVE_GENERATED_ZOOKEEPER_JUTE_H 1
| #define STDC_HEADERS 1
| #define HAVE_SYS_TYPES_H 1
| #define HAVE_SYS_STAT_H 1
| #define HAVE_STDLIB_H 1
| #define HAVE_STRING_H 1
| #define HAVE_MEMORY_H 1
| #define HAVE_STRINGS_H 1
| #define HAVE_INTTYPES_H 1
| #define HAVE_STDINT_H 1
| #define HAVE_UNISTD_H 1
| #define HAVE_DLFCN_H 1
| #define LT_OBJDIR ".libs/"
| #define STDC_HEADERS 1
| #define HAVE_ARPA_INET_H 1
| #define HAVE_FCNTL_H 1
| #define HAVE_NETDB_H 1
| #define HAVE_NETINET_IN_H 1
| #define HAVE_STDLIB_H 1
| #define HAVE_STRING_H 1
| #define HAVE_SYS_SOCKET_H 1
| #define HAVE_SYS_TIME_H 1
| #define HAVE_UNISTD_H 1
| #define HAVE_SYS_UTSNAME_H 1
| #define TIME_WITH_SYS_TIME 1
| /* end confdefs.h.  */
| #include <poll.h>
| 
| int
| main ()
| {
| if (sizeof ((nfds_t)))
| 	    return 0;
|   ;
|   return 0;
| }
configure:18350: result: yes
configure:18363: checking whether to enable ipv6
configure:18385: gcc -o conftest -g   conftest.c  >&5
conftest.c:41:1: warning: return type defaults to 'int' [-Wimplicit-int]
 main()
 ^~~~
conftest.c: In function 'main':
conftest.c:44:4: warning: implicit declaration of function 'exit' [-Wimplicit-function-declaration]
    exit(1);
    ^~~~
conftest.c:44:4: warning: incompatible implicit declaration of built-in function 'exit'
conftest.c:44:4: note: include '<stdlib.h>' or provide a declaration of 'exit'
conftest.c:46:4: warning: incompatible implicit declaration of built-in function 'exit'
    exit(0);
    ^~~~
conftest.c:46:4: note: include '<stdlib.h>' or provide a declaration of 'exit'
configure:18385: $? = 0
configure:18385: ./conftest
configure:18385: $? = 0
configure:18386: result: yes
configure:18408: checking for getcwd
configure:18408: gcc -o conftest -g   conftest.c  >&5
configure:18408: $? = 0
configure:18408: result: yes
configure:18408: checking for gethostbyname
configure:18408: gcc -o conftest -g   conftest.c  >&5
configure:18408: $? = 0
configure:18408: result: yes
configure:18408: checking for gethostname
configure:18408: gcc -o conftest -g   conftest.c  >&5
configure:18408: $? = 0
configure:18408: result: yes
configure:18408: checking for getlogin
configure:18408: gcc -o conftest -g   conftest.c  >&5
configure:18408: $? = 0
configure:18408: result: yes
configure:18408: checking for getpwuid_r
configure:18408: gcc -o conftest -g   conftest.c  >&5
configure:18408: $? = 0
configure:18408: result: yes
configure:18408: checking for gettimeofday
configure:18408: gcc -o conftest -g   conftest.c  >&5
configure:18408: $? = 0
configure:18408: result: yes
configure:18408: checking for getuid
configure:18408: gcc -o conftest -g   conftest.c  >&5
configure:18408: $? = 0
configure:18408: result: yes
configure:18408: checking for memmove
configure:18408: gcc -o conftest -g   conftest.c  >&5
conftest.c:68:6: warning: conflicting types for built-in function 'memmove' [-Wbuiltin-declaration-mismatch]
 char memmove ();
      ^~~~~~~
configure:18408: $? = 0
configure:18408: result: yes
configure:18408: checking for memset
configure:18408: gcc -o conftest -g   conftest.c  >&5
conftest.c:69:6: warning: conflicting types for built-in function 'memset' [-Wbuiltin-declaration-mismatch]
 char memset ();
      ^~~~~~
configure:18408: $? = 0
configure:18408: result: yes
configure:18408: checking for poll
configure:18408: gcc -o conftest -g   conftest.c  >&5
configure:18408: $? = 0
configure:18408: result: yes
configure:18408: checking for socket
configure:18408: gcc -o conftest -g   conftest.c  >&5
configure:18408: $? = 0
configure:18408: result: yes
configure:18408: checking for strchr
configure:18408: gcc -o conftest -g   conftest.c  >&5
conftest.c:72:6: warning: conflicting types for built-in function 'strchr' [-Wbuiltin-declaration-mismatch]
 char strchr ();
      ^~~~~~
configure:18408: $? = 0
configure:18408: result: yes
configure:18408: checking for strdup
configure:18408: gcc -o conftest -g   conftest.c  >&5
conftest.c:73:6: warning: conflicting types for built-in function 'strdup' [-Wbuiltin-declaration-mismatch]
 char strdup ();
      ^~~~~~
configure:18408: $? = 0
configure:18408: result: yes
configure:18408: checking for strerror
configure:18408: gcc -o conftest -g   conftest.c  >&5
configure:18408: $? = 0
configure:18408: result: yes
configure:18408: checking for strtol
configure:18408: gcc -o conftest -g   conftest.c  >&5
configure:18408: $? = 0
configure:18408: result: yes
configure:18634: checking that generated files are newer than configure
configure:18640: result: done
configure:18675: creating ./config.status

## ---------------------- ##
## Running config.status. ##
## ---------------------- ##

This file was extended by zookeeper C client config.status 3.4.9, which was
generated by GNU Autoconf 2.69.  Invocation command line was

  CONFIG_FILES    = 
  CONFIG_HEADERS  = 
  CONFIG_LINKS    = 
  CONFIG_COMMANDS = 
  $ ./config.status 

on nitesh-ThinkPad-L440

config.status:1230: creating Makefile
config.status:1230: creating config.h
config.status:1411: config.h is unchanged
config.status:1459: executing depfiles commands
config.status:1459: executing libtool commands

## ---------------- ##
## Cache variables. ##
## ---------------- ##

ac_cv_build=x86_64-pc-linux-gnu
ac_cv_c_compiler_gnu=yes
ac_cv_c_const=yes
ac_cv_c_inline=inline
ac_cv_cxx_compiler_gnu=yes
ac_cv_env_CCC_set=
ac_cv_env_CCC_value=
ac_cv_env_CC_set=
ac_cv_env_CC_value=
ac_cv_env_CFLAGS_set=set
ac_cv_env_CFLAGS_value=-g
ac_cv_env_CPPFLAGS_set=
ac_cv_env_CPPFLAGS_value=
ac_cv_env_CPP_set=
ac_cv_env_CPP_value=
ac_cv_env_CXXCPP_set=
ac_cv_env_CXXCPP_value=
ac_cv_env_CXXFLAGS_set=
ac_cv_env_CXXFLAGS_value=
ac_cv_env_CXX_set=
ac_cv_env_CXX_value=
ac_cv_env_DOXYGEN_PAPER_SIZE_set=
ac_cv_env_DOXYGEN_PAPER_SIZE_value=
ac_cv_env_LDFLAGS_set=
ac_cv_env_LDFLAGS_value=
ac_cv_env_LIBS_set=
ac_cv_env_LIBS_value=
ac_cv_env_LT_SYS_LIBRARY_PATH_set=
ac_cv_env_LT_SYS_LIBRARY_PATH_value=
ac_cv_env_build_alias_set=
ac_cv_env_build_alias_value=
ac_cv_env_host_alias_set=
ac_cv_env_host_alias_value=
ac_cv_env_target_alias_set=
ac_cv_env_target_alias_value=
ac_cv_file_generated_zookeeper_jute_c=yes
ac_cv_file_generated_zookeeper_jute_h=yes
ac_cv_func_getcwd=yes
ac_cv_func_gethostbyname=yes
ac_cv_func_gethostname=yes
ac_cv_func_getlogin=yes
ac_cv_func_getpwuid_r=yes
ac_cv_func_gettimeofday=yes
ac_cv_func_getuid=yes
ac_cv_func_memmove=yes
ac_cv_func_memset=yes
ac_cv_func_poll=yes
ac_cv_func_socket=yes
ac_cv_func_strchr=yes
ac_cv_func_strdup=yes
ac_cv_func_strerror=yes
ac_cv_func_strtol=yes
ac_cv_header_arpa_inet_h=yes
ac_cv_header_dlfcn_h=yes
ac_cv_header_fcntl_h=yes
ac_cv_header_inttypes_h=yes
ac_cv_header_memory_h=yes
ac_cv_header_netdb_h=yes
ac_cv_header_netinet_in_h=yes
ac_cv_header_stdc=yes
ac_cv_header_stdint_h=yes
ac_cv_header_stdlib_h=yes
ac_cv_header_string_h=yes
ac_cv_header_strings_h=yes
ac_cv_header_sys_socket_h=yes
ac_cv_header_sys_stat_h=yes
ac_cv_header_sys_time_h=yes
ac_cv_header_sys_types_h=yes
ac_cv_header_sys_utsname_h=yes
ac_cv_header_time=yes
ac_cv_header_unistd_h=yes
ac_cv_host=x86_64-pc-linux-gnu
ac_cv_lib_pthread_pthread_mutex_lock=yes
ac_cv_objext=o
ac_cv_path_EGREP='/bin/grep -E'
ac_cv_path_FGREP='/bin/grep -F'
ac_cv_path_GREP=/bin/grep
ac_cv_path_SED=/bin/sed
ac_cv_path_ac_pt_DX_PERL=/usr/bin/perl
ac_cv_path_install='/usr/bin/install -c'
ac_cv_path_lt_DD=/bin/dd
ac_cv_path_mkdir=/bin/mkdir
ac_cv_prog_AWK=mawk
ac_cv_prog_CPP='gcc -E'
ac_cv_prog_CXXCPP='g++ -E'
ac_cv_prog_ac_ct_AR=ar
ac_cv_prog_ac_ct_CC=gcc
ac_cv_prog_ac_ct_CXX=g++
ac_cv_prog_ac_ct_MANIFEST_TOOL=mt
ac_cv_prog_ac_ct_OBJDUMP=objdump
ac_cv_prog_ac_ct_RANLIB=ranlib
ac_cv_prog_ac_ct_STRIP=strip
ac_cv_prog_cc_c89=
ac_cv_prog_cc_g=yes
ac_cv_prog_cxx_g=yes
ac_cv_prog_make_make_set=yes
ac_cv_type_nfds_t=yes
am_cv_CC_dependencies_compiler_type=gcc3
am_cv_CXX_dependencies_compiler_type=gcc3
am_cv_make_support_nested_variables=yes
am_cv_prog_cc_c_o=yes
lt_cv_ar_at_file=@
lt_cv_archive_cmds_need_lc=no
lt_cv_deplibs_check_method=pass_all
lt_cv_file_magic_cmd='$MAGIC_CMD'
lt_cv_file_magic_test_file=
lt_cv_ld_reload_flag=-r
lt_cv_nm_interface='BSD nm'
lt_cv_objdir=.libs
lt_cv_path_LD=/usr/bin/ld
lt_cv_path_LDCXX='/usr/bin/ld -m elf_x86_64'
lt_cv_path_NM='/usr/bin/nm -B'
lt_cv_path_mainfest_tool=no
lt_cv_prog_compiler_c_o=yes
lt_cv_prog_compiler_c_o_CXX=yes
lt_cv_prog_compiler_pic='-fPIC -DPIC'
lt_cv_prog_compiler_pic_CXX='-fPIC -DPIC'
lt_cv_prog_compiler_pic_works=yes
lt_cv_prog_compiler_pic_works_CXX=yes
lt_cv_prog_compiler_rtti_exceptions=no
lt_cv_prog_compiler_static_works=yes
lt_cv_prog_compiler_static_works_CXX=yes
lt_cv_prog_gnu_ld=yes
lt_cv_prog_gnu_ldcxx=yes
lt_cv_sharedlib_from_linklib_cmd='printf %s\n'
lt_cv_shlibpath_overrides_runpath=yes
lt_cv_sys_global_symbol_pipe='sed -n -e '\''s/^.*[	 ]\([ABCDGIRSTW][ABCDGIRSTW]*\)[	 ][	 ]*\([_A-Za-z][_A-Za-z0-9]*\)$/\1 \2 \2/p'\'' | sed '\''/ __gnu_lto/d'\'''
lt_cv_sys_global_symbol_to_c_name_address='sed -n -e '\''s/^: \(.*\) .*$/  {"\1", (void *) 0},/p'\'' -e '\''s/^[ABCDGIRSTW][ABCDGIRSTW]* .* \(.*\)$/  {"\1", (void *) \&\1},/p'\'''
lt_cv_sys_global_symbol_to_c_name_address_lib_prefix='sed -n -e '\''s/^: \(.*\) .*$/  {"\1", (void *) 0},/p'\'' -e '\''s/^[ABCDGIRSTW][ABCDGIRSTW]* .* \(lib.*\)$/  {"\1", (void *) \&\1},/p'\'' -e '\''s/^[ABCDGIRSTW][ABCDGIRSTW]* .* \(.*\)$/  {"lib\1", (void *) \&\1},/p'\'''
lt_cv_sys_global_symbol_to_cdecl='sed -n -e '\''s/^T .* \(.*\)$/extern int \1();/p'\'' -e '\''s/^[ABCDGIRSTW][ABCDGIRSTW]* .* \(.*\)$/extern char \1;/p'\'''
lt_cv_sys_global_symbol_to_import=
lt_cv_sys_max_cmd_len=1572864
lt_cv_to_host_file_cmd=func_convert_file_noop
lt_cv_to_tool_file_cmd=func_convert_file_noop
lt_cv_truncate_bin='/bin/dd bs=4096 count=1'

## ----------------- ##
## Output variables. ##
## ----------------- ##

ACLOCAL='${SHELL} /home/nitesh/Downloads/zookeeper-3.4.9/src/c/missing aclocal-1.15'
AMDEPBACKSLASH='\'
AMDEP_FALSE='#'
AMDEP_TRUE=''
AMTAR='$${TAR-tar}'
AM_BACKSLASH='\'
AM_DEFAULT_V='$(AM_DEFAULT_VERBOSITY)'
AM_DEFAULT_VERBOSITY='1'
AM_V='$(V)'
AR='ar'
AUTOCONF='${SHELL} /home/nitesh/Downloads/zookeeper-3.4.9/src/c/missing autoconf'
AUTOHEADER='${SHELL} /home/nitesh/Downloads/zookeeper-3.4.9/src/c/missing autoheader'
AUTOMAKE='${SHELL} /home/nitesh/Downloads/zookeeper-3.4.9/src/c/missing automake-1.15'
AWK='mawk'
CC='gcc'
CCDEPMODE='depmode=gcc3'
CFLAGS='-g'
CPP='gcc -E'
CPPFLAGS=''
CPPUNIT_CFLAGS=' -DZKSERVER_CMD="\"./tests/zkServer.sh\""'
CXX='g++'
CXXCPP='g++ -E'
CXXDEPMODE='depmode=gcc3'
CXXFLAGS='-g -O2'
CYGPATH_W='echo'
DEFS='-DHAVE_CONFIG_H'
DEPDIR='.deps'
DLLTOOL='false'
DOXYGEN_PAPER_SIZE=''
DSYMUTIL=''
DUMPBIN=''
DX_COND_chi_FALSE=''
DX_COND_chi_TRUE='#'
DX_COND_chm_FALSE=''
DX_COND_chm_TRUE='#'
DX_COND_doc_FALSE='#'
DX_COND_doc_TRUE=''
DX_COND_dot_FALSE='#'
DX_COND_dot_TRUE=''
DX_COND_html_FALSE='#'
DX_COND_html_TRUE=''
DX_COND_latex_FALSE=''
DX_COND_latex_TRUE='#'
DX_COND_man_FALSE=''
DX_COND_man_TRUE='#'
DX_COND_pdf_FALSE=''
DX_COND_pdf_TRUE='#'
DX_COND_ps_FALSE=''
DX_COND_ps_TRUE='#'
DX_COND_rtf_FALSE=''
DX_COND_rtf_TRUE='#'
DX_COND_xml_FALSE=''
DX_COND_xml_TRUE='#'
DX_CONFIG='c-doc.Doxyfile'
DX_DOCDIR='docs'
DX_DOT=''
DX_DOXYGEN=''
DX_DVIPS=''
DX_EGREP=''
DX_ENV=' SRCDIR='\''.'\'' PROJECT='\''zookeeper'\'' DOCDIR='\''docs'\'' VERSION='\''3.4.9'\'' PERL_PATH='\''/usr/bin/perl'\'' HAVE_DOT='\''YES'\'' DOT_PATH='\''.'\'' GENERATE_MAN='\''NO'\'' GENERATE_RTF='\''NO'\'' GENERATE_XML='\''NO'\'' GENERATE_HTMLHELP='\''NO'\'' GENERATE_CHI='\''NO'\'' GENERATE_HTML='\''YES'\'' GENERATE_LATEX='\''NO'\'''
DX_FLAG_chi='0'
DX_FLAG_chm='0'
DX_FLAG_doc='1'
DX_FLAG_dot='1'
DX_FLAG_html='1'
DX_FLAG_man='0'
DX_FLAG_pdf='0'
DX_FLAG_ps='0'
DX_FLAG_rtf='0'
DX_FLAG_xml='0'
DX_HHC=''
DX_LATEX=''
DX_MAKEINDEX=''
DX_PDFLATEX=''
DX_PERL='/usr/bin/perl'
DX_PROJECT='zookeeper'
ECHO_C=''
ECHO_N='-n'
ECHO_T=''
EGREP='/bin/grep -E'
EXEEXT=''
FGREP='/bin/grep -F'
GREP='/bin/grep'
INSTALL_DATA='${INSTALL} -m 644'
INSTALL_PROGRAM='${INSTALL}'
INSTALL_SCRIPT='${INSTALL}'
INSTALL_STRIP_PROGRAM='$(install_sh) -c -s'
LD='/usr/bin/ld -m elf_x86_64'
LDFLAGS=''
LIBOBJS=''
LIBS=''
LIBTOOL='$(SHELL) $(top_builddir)/libtool'
LIPO=''
LN_S='ln -s'
LTLIBOBJS=''
LT_SYS_LIBRARY_PATH=''
MAKEINFO='${SHELL} /home/nitesh/Downloads/zookeeper-3.4.9/src/c/missing makeinfo'
MANIFEST_TOOL=':'
MKDIR_P='/bin/mkdir -p'
NM='/usr/bin/nm -B'
NMEDIT=''
OBJDUMP='objdump'
OBJEXT='o'
OTOOL64=''
OTOOL=''
PACKAGE='zookeeper'
PACKAGE_BUGREPORT='user@zookeeper.apache.org'
PACKAGE_NAME='zookeeper C client'
PACKAGE_STRING='zookeeper C client 3.4.9'
PACKAGE_TARNAME='zookeeper'
PACKAGE_URL=''
PACKAGE_VERSION='3.4.9'
PATH_SEPARATOR=':'
RANLIB='ranlib'
SED='/bin/sed'
SET_MAKE=''
SHELL='/bin/bash'
SOLARIS_FALSE=''
SOLARIS_TRUE='#'
STRIP='strip'
USEIPV6='-DZOO_IPV6_ENABLED'
VERSION='3.4.9'
WANT_SYNCAPI_FALSE='#'
WANT_SYNCAPI_TRUE=''
ac_ct_AR='ar'
ac_ct_CC='gcc'
ac_ct_CXX='g++'
ac_ct_DUMPBIN=''
am__EXEEXT_FALSE=''
am__EXEEXT_TRUE='#'
am__fastdepCC_FALSE='#'
am__fastdepCC_TRUE=''
am__fastdepCXX_FALSE='#'
am__fastdepCXX_TRUE=''
am__include='include'
am__isrc=''
am__leading_dot='.'
am__nodep='_no'
am__quote=''
am__tar='$${TAR-tar} chof - "$$tardir"'
am__untar='$${TAR-tar} xf -'
bindir='${exec_prefix}/bin'
build='x86_64-pc-linux-gnu'
build_alias=''
build_cpu='x86_64'
build_os='linux-gnu'
build_vendor='pc'
datadir='${datarootdir}'
datarootdir='${prefix}/share'
docdir='${datarootdir}/doc/${PACKAGE_TARNAME}'
dvidir='${docdir}'
exec_prefix='/home/nitesh/Downloads/zookeeper-3.4.9/src/c'
host='x86_64-pc-linux-gnu'
host_alias=''
host_cpu='x86_64'
host_os='linux-gnu'
host_vendor='pc'
htmldir='${docdir}'
includedir='${prefix}/include'
infodir='${datarootdir}/info'
install_sh='${SHELL} /home/nitesh/Downloads/zookeeper-3.4.9/src/c/install-sh'
libdir='${exec_prefix}/lib'
libexecdir='${exec_prefix}/libexec'
localedir='${datarootdir}/locale'
localstatedir='${prefix}/var'
mandir='${datarootdir}/man'
mkdir_p='$(MKDIR_P)'
oldincludedir='/usr/include'
pdfdir='${docdir}'
prefix='/usr/local'
program_transform_name='s,x,x,'
psdir='${docdir}'
runstatedir='${localstatedir}/run'
sbindir='${exec_prefix}/sbin'
sharedstatedir='${prefix}/com'
sysconfdir='${prefix}/etc'
target_alias=''

## ----------- ##
## confdefs.h. ##
## ----------- ##

/* confdefs.h */
#define PACKAGE_NAME "zookeeper C client"
#define PACKAGE_TARNAME "zookeeper"
#define PACKAGE_VERSION "3.4.9"
#define PACKAGE_STRING "zookeeper C client 3.4.9"
#define PACKAGE_BUGREPORT "user@zookeeper.apache.org"
#define PACKAGE_URL ""
#define PACKAGE "zookeeper"
#define VERSION "3.4.9"
#define HAVE_GENERATED_ZOOKEEPER_JUTE_C 1
#define HAVE_GENERATED_ZOOKEEPER_JUTE_H 1
#define STDC_HEADERS 1
#define HAVE_SYS_TYPES_H 1
#define HAVE_SYS_STAT_H 1
#define HAVE_STDLIB_H 1
#define HAVE_STRING_H 1
#define HAVE_MEMORY_H 1
#define HAVE_STRINGS_H 1
#define HAVE_INTTYPES_H 1
#define HAVE_STDINT_H 1
#define HAVE_UNISTD_H 1
#define HAVE_DLFCN_H 1
#define LT_OBJDIR ".libs/"
#define STDC_HEADERS 1
#define HAVE_ARPA_INET_H 1
#define HAVE_FCNTL_H 1
#define HAVE_NETDB_H 1
#define HAVE_NETINET_IN_H 1
#define HAVE_STDLIB_H 1
#define HAVE_STRING_H 1
#define HAVE_SYS_SOCKET_H 1
#define HAVE_SYS_TIME_H 1
#define HAVE_UNISTD_H 1
#define HAVE_SYS_UTSNAME_H 1
#define TIME_WITH_SYS_TIME 1
#define POLL_NFDS_TYPE nfds_t
#define HAVE_GETCWD 1
#define HAVE_GETHOSTBYNAME 1
#define HAVE_GETHOSTNAME 1
#define HAVE_GETLOGIN 1
#define HAVE_GETPWUID_R 1
#define HAVE_GETTIMEOFDAY 1
#define HAVE_GETUID 1
#define HAVE_MEMMOVE 1
#define HAVE_MEMSET 1
#define HAVE_POLL 1
#define HAVE_SOCKET 1
#define HAVE_STRCHR 1
#define HAVE_STRDUP 1
#define HAVE_STRERROR 1
#define HAVE_STRTOL 1

configure: exit 0
